Determining if the strtod_l exist failed with the following output:
Change Dir: /mnt/c/Users/coolm/documents/github/ICT1009-Part2/cmake-build-debug/CMakeFiles/CMakeTmp

Run Build Command(s):/usr/bin/make -f Makefile cmTC_b3ce7/fast && make[1]: Entering directory '/mnt/c/Users/coolm/Documents/Github/ICT1009-Part2/cmake-build-debug/CMakeFiles/CMakeTmp'
/usr/bin/make  -f CMakeFiles/cmTC_b3ce7.dir/build.make CMakeFiles/cmTC_b3ce7.dir/build
make[2]: Entering directory '/mnt/c/Users/coolm/Documents/Github/ICT1009-Part2/cmake-build-debug/CMakeFiles/CMakeTmp'
Building C object CMakeFiles/cmTC_b3ce7.dir/CheckSymbolExists.c.o
/usr/bin/cc    -o CMakeFiles/cmTC_b3ce7.dir/CheckSymbolExists.c.o -c /mnt/c/Users/coolm/documents/github/ICT1009-Part2/cmake-build-debug/CMakeFiles/CMakeTmp/CheckSymbolExists.c
/mnt/c/Users/coolm/documents/github/ICT1009-Part2/cmake-build-debug/CMakeFiles/CMakeTmp/CheckSymbolExists.c: In function ‘main’:
/mnt/c/Users/coolm/documents/github/ICT1009-Part2/cmake-build-debug/CMakeFiles/CMakeTmp/CheckSymbolExists.c:8:19: error: ‘strtod_l’ undeclared (first use in this function); did you mean ‘strtoull’?
    8 |   return ((int*)(&strtod_l))[argc];
      |                   ^~~~~~~~
      |                   strtoull
/mnt/c/Users/coolm/documents/github/ICT1009-Part2/cmake-build-debug/CMakeFiles/CMakeTmp/CheckSymbolExists.c:8:19: note: each undeclared identifier is reported only once for each function it appears in
make[2]: *** [CMakeFiles/cmTC_b3ce7.dir/build.make:78: CMakeFiles/cmTC_b3ce7.dir/CheckSymbolExists.c.o] Error 1
make[2]: Leaving directory '/mnt/c/Users/coolm/Documents/Github/ICT1009-Part2/cmake-build-debug/CMakeFiles/CMakeTmp'
make[1]: *** [Makefile:127: cmTC_b3ce7/fast] Error 2
make[1]: Leaving directory '/mnt/c/Users/coolm/Documents/Github/ICT1009-Part2/cmake-build-debug/CMakeFiles/CMakeTmp'


File /mnt/c/Users/coolm/documents/github/ICT1009-Part2/cmake-build-debug/CMakeFiles/CMakeTmp/CheckSymbolExists.c:
/* */
#include <stdlib.h>

int main(int argc, char** argv)
{
  (void)argv;
#ifndef strtod_l
  return ((int*)(&strtod_l))[argc];
#else
  (void)argc;
  return 0;
#endif
}
