Performing C++ SOURCE FILE Test CMAKE_HAVE_LIBC_PTHREAD failed with the following output:
Change Dir: /mnt/c/users/b2/downloads/ICT1009-Part2 (1)/ICT1009-Part2/dependencies/fmt/build/CMakeFiles/CMakeTmp

Run Build Command(s):/usr/bin/make -f Makefile cmTC_1a589/fast && /usr/bin/make  -f CMakeFiles/cmTC_1a589.dir/build.make CMakeFiles/cmTC_1a589.dir/build
make[1]: Entering directory '/mnt/c/users/b2/downloads/ICT1009-Part2 (1)/ICT1009-Part2/dependencies/fmt/build/CMakeFiles/CMakeTmp'
Building CXX object CMakeFiles/cmTC_1a589.dir/src.cxx.o
/usr/bin/c++ -DCMAKE_HAVE_LIBC_PTHREAD  -std=gnu++11 -o CMakeFiles/cmTC_1a589.dir/src.cxx.o -c "/mnt/c/users/b2/downloads/ICT1009-Part2 (1)/ICT1009-Part2/dependencies/fmt/build/CMakeFiles/CMakeTmp/src.cxx"
Linking CXX executable cmTC_1a589
/usr/local/bin/cmake -E cmake_link_script CMakeFiles/cmTC_1a589.dir/link.txt --verbose=1
/usr/bin/c++ CMakeFiles/cmTC_1a589.dir/src.cxx.o -o cmTC_1a589 
/usr/bin/ld: CMakeFiles/cmTC_1a589.dir/src.cxx.o: in function `main':
src.cxx:(.text+0x46): undefined reference to `pthread_create'
/usr/bin/ld: src.cxx:(.text+0x52): undefined reference to `pthread_detach'
/usr/bin/ld: src.cxx:(.text+0x5e): undefined reference to `pthread_cancel'
/usr/bin/ld: src.cxx:(.text+0x6f): undefined reference to `pthread_join'
collect2: error: ld returned 1 exit status
make[1]: *** [CMakeFiles/cmTC_1a589.dir/build.make:99: cmTC_1a589] Error 1
make[1]: Leaving directory '/mnt/c/users/b2/downloads/ICT1009-Part2 (1)/ICT1009-Part2/dependencies/fmt/build/CMakeFiles/CMakeTmp'
make: *** [Makefile:127: cmTC_1a589/fast] Error 2


Source file was:
#include <pthread.h>

static void* test_func(void* data)
{
  return data;
}

int main(void)
{
  pthread_t thread;
  pthread_create(&thread, NULL, test_func, NULL);
  pthread_detach(thread);
  pthread_cancel(thread);
  pthread_join(thread, NULL);
  pthread_atfork(NULL, NULL, NULL);
  pthread_exit(NULL);

  return 0;
}

Determining if the function pthread_create exists in the pthreads failed with the following output:
Change Dir: /mnt/c/users/b2/downloads/ICT1009-Part2 (1)/ICT1009-Part2/dependencies/fmt/build/CMakeFiles/CMakeTmp

Run Build Command(s):/usr/bin/make -f Makefile cmTC_7ca1b/fast && /usr/bin/make  -f CMakeFiles/cmTC_7ca1b.dir/build.make CMakeFiles/cmTC_7ca1b.dir/build
make[1]: Entering directory '/mnt/c/users/b2/downloads/ICT1009-Part2 (1)/ICT1009-Part2/dependencies/fmt/build/CMakeFiles/CMakeTmp'
Building CXX object CMakeFiles/cmTC_7ca1b.dir/CheckFunctionExists.cxx.o
/usr/bin/c++   -DCHECK_FUNCTION_EXISTS=pthread_create -std=gnu++11 -o CMakeFiles/cmTC_7ca1b.dir/CheckFunctionExists.cxx.o -c "/mnt/c/users/b2/downloads/ICT1009-Part2 (1)/ICT1009-Part2/dependencies/fmt/build/CMakeFiles/CheckLibraryExists/CheckFunctionExists.cxx"
Linking CXX executable cmTC_7ca1b
/usr/local/bin/cmake -E cmake_link_script CMakeFiles/cmTC_7ca1b.dir/link.txt --verbose=1
/usr/bin/c++  -DCHECK_FUNCTION_EXISTS=pthread_create CMakeFiles/cmTC_7ca1b.dir/CheckFunctionExists.cxx.o -o cmTC_7ca1b  -lpthreads 
/usr/bin/ld: cannot find -lpthreads
collect2: error: ld returned 1 exit status
make[1]: *** [CMakeFiles/cmTC_7ca1b.dir/build.make:99: cmTC_7ca1b] Error 1
make[1]: Leaving directory '/mnt/c/users/b2/downloads/ICT1009-Part2 (1)/ICT1009-Part2/dependencies/fmt/build/CMakeFiles/CMakeTmp'
make: *** [Makefile:127: cmTC_7ca1b/fast] Error 2



